<?xml version="1.0" encoding="UTF-8"?>
<!-- Generated by org.testng.reporters.JUnitReportReporter -->
<testsuite hostname="DESKTOP-ASB5QBL" name="pom.LoginTest_POM" tests="1" failures="0" timestamp="7 Jan 2022 03:42:45 GMT" time="52.510" errors="0">
  <testcase name="logintest" time="52.510" classname="pom.LoginTest_POM"/>
</testsuite> <!-- pom.LoginTest_POM -->
