<?xml version="1.0" encoding="UTF-8"?>
<!-- Generated by org.testng.reporters.JUnitReportReporter -->
<testsuite hostname="DESKTOP-ASB5QBL" name="testNG.EmpReg_TC_TestNG" tests="4" failures="0" timestamp="7 Jan 2022 03:05:40 GMT" time="36.689" errors="0">
  <testcase name="org_EmpReg" time="13.893" classname="testNG.EmpReg_TC_TestNG"/>
  <testcase name="org_EmpReg" time="6.725" classname="testNG.EmpReg_TC_TestNG"/>
  <testcase name="org_EmpReg" time="8.839" classname="testNG.EmpReg_TC_TestNG"/>
  <testcase name="org_EmpReg" time="7.232" classname="testNG.EmpReg_TC_TestNG"/>
</testsuite> <!-- testNG.EmpReg_TC_TestNG -->
