<?xml version="1.0" encoding="UTF-8"?>
<!-- Generated by org.testng.reporters.JUnitReportReporter -->
<testsuite hostname="DESKTOP-ASB5QBL" name="testNG.PrimusBankLogin" tests="1" failures="0" timestamp="5 Jan 2022 03:46:49 GMT" time="12.767" errors="0">
  <testcase name="Login" time="12.767" classname="testNG.PrimusBankLogin"/>
</testsuite> <!-- testNG.PrimusBankLogin -->
