<?xml version="1.0" encoding="UTF-8"?>
<!-- Generated by org.testng.reporters.JUnitReportReporter -->
<testsuite hostname="DESKTOP-ASB5QBL" name="testNG.UserReg_TC_TestNG" tests="1" failures="0" timestamp="6 Jan 2022 03:43:38 GMT" time="19.024" errors="0">
  <testcase name="org_UserReg" time="19.024" classname="testNG.UserReg_TC_TestNG"/>
</testsuite> <!-- testNG.UserReg_TC_TestNG -->
