<?xml version="1.0" encoding="UTF-8"?>
<!-- Generated by org.testng.reporters.JUnitReportReporter -->
<testsuite hostname="DESKTOP-ASB5QBL" name="testNG.AnnotationsEg" tests="4" failures="0" timestamp="5 Jan 2022 03:30:02 GMT" time="0.102" errors="0">
  <testcase name="Function1" time="0.068" classname="testNG.AnnotationsEg"/>
  <testcase name="Function2" time="0.013" classname="testNG.AnnotationsEg"/>
  <testcase name="Function3" time="0.013" classname="testNG.AnnotationsEg"/>
  <testcase name="Apple" time="0.008" classname="testNG.AnnotationsEg"/>
</testsuite> <!-- testNG.AnnotationsEg -->
